<?xml version="1.0" encoding="UTF-8"?>
<!-- Generated by org.testng.reporters.JUnitXMLReporter -->
<testsuite ignored="1" hostname="Sen-87389" failures="0" tests="6" name="用户管理系统测试用例" time="9.742" errors="0" timestamp="2025-07-13T18:27:51 CST">
  <testcase classname="com.course.cases.LoginTest" name="loginTrue" time="1.3"/>
  <testcase classname="com.course.cases.LoginTest" name="loginFalse" time="0.057"/>
  <testcase classname="com.course.cases.AddUserTest" name="addUser" time="2.08"/>
  <testcase classname="com.course.cases.GetUserInfoTest" name="GetUserInfo" time="2.095"/>
  <testcase classname="com.course.cases.UpdateUserInfoTest" name="UpdateUserInfo" time="2.066"/>
  <testcase classname="com.course.cases.UpdateUserInfoTest" name="deleteUserInfo" time="2.05"/>
  <testcase classname="com.course.cases.GetUserInfoListTest" name="getUserListInfoCase" time="0.0">
    <ignored/>
  </testcase> <!-- getUserListInfoCase -->
</testsuite> <!-- 用户管理系统测试用例 -->
