<?xml version="1.0" encoding="UTF-8"?>
<!-- Generated by org.testng.reporters.JUnitXMLReporter -->
<testsuite ignored="1" hostname="Sen-87389" failures="0" tests="6" name="用户管理系统测试用例" time="9.735" errors="0" timestamp="2025-07-14T09:56:55 CST">
  <testcase classname="com.course.cases.LoginTest" name="loginTrue" time="1.316"/>
  <testcase classname="com.course.cases.LoginTest" name="loginFalse" time="0.047"/>
  <testcase classname="com.course.cases.AddUserTest" name="addUser" time="2.087"/>
  <testcase classname="com.course.cases.GetUserInfoTest" name="GetUserInfo" time="2.083"/>
  <testcase classname="com.course.cases.UpdateUserInfoTest" name="UpdateUserInfo" time="2.07"/>
  <testcase classname="com.course.cases.UpdateUserInfoTest" name="deleteUserInfo" time="2.051"/>
  <testcase classname="com.course.cases.GetUserInfoListTest" name="getUserListInfoCase" time="0.0">
    <ignored/>
  </testcase> <!-- getUserListInfoCase -->
</testsuite> <!-- 用户管理系统测试用例 -->
