<?xml version="1.0" encoding="UTF-8"?>
<testsuite xmlns:xsi="http://www.w3.org/2001/XMLSchema-instance" xsi:noNamespaceSchemaLocation="https://maven.apache.org/surefire/maven-surefire-plugin/xsd/surefire-test-report-3.0.xsd" version="3.0" name="TestSuite" time="10.977" tests="6" errors="0" skipped="0" failures="0">
  <properties>
[...]
</properties>
  <testcase name="loginTrue" classname="com.course.cases.LoginTest" time="1.316">
    <system-out><![CDATA[{id:1,userName:login,password:123555,expected:{"success":true,"message":"登录成功"}}
http://localhost:8888/v1/login
]]></system-out>
  </testcase>
  <testcase name="loginFalse" classname="com.course.cases.LoginTest" time="0.048">
    <system-out><![CDATA[{id:2,userName:SenAuto001,password:123456,expected:{"success":true,"message":"登录成功"}}
http://localhost:8888/v1/login
]]></system-out>
  </testcase>
  <testcase name="addUser" classname="com.course.cases.AddUserTest" time="2.088">
    <system-out><![CDATA[{id:1,userName:login,password:123555,sex:男,age:30,permission:0,isDelete:0,expected:{"success":false,"message":"未授权"}}
http://localhost:8888/v1/addUser
{"success":false,"message":"未授权"}
{id:1,userName:login,age:30,sex:男,permission:0,isDelete:0}
]]></system-out>
  </testcase>
  <testcase name="GetUserInfo" classname="com.course.cases.GetUserInfoTest" time="2.084">
    <system-out><![CDATA[{id:1,userId:1,expected:getUserInfo}
http://localhost:8888/v1/getUserInfo
调用接口result:[{"id":1,"userName":"login","password":"123555","age":"30","sex":"男","permission":"0","isDelete":"0","expected":null}]
["[{\"id\":1,\"userName\":\"login\",\"password\":\"123555\",\"age\":\"30\",\"sex\":\"男\",\"permission\":\"0\",\"isDelete\":\"0\",\"expected\":null}]"]
自己查库获取用户信息:{id:1,userName:login,age:30,sex:男,permission:0,isDelete:0}
获取用户信息:[{"isDelete":"0","sex":"男","permission":"0","id":1,"userName":"login","age":"30"}]
调用接口获取用户信息:[{"id":1,"userName":"login","password":"123555","age":"30","sex":"男","permission":"0","isDelete":"0","expected":null}]
]]></system-out>
  </testcase>
  <testcase name="UpdateUserInfo" classname="com.course.cases.UpdateUserInfoTest" time="2.07">
    <system-out><![CDATA[{id:1,userId:1,userName:login,sex:男,age:30,permission:0,isDelete:0,expected:getUpdateUserInfo}
http://localhost:8888/v1/updateUserInfo
{"success":true,"message":"更新用户信息成功: 1"}
{id:1,userName:login,age:30,sex:男,permission:0,isDelete:0}
]]></system-out>
  </testcase>
  <testcase name="deleteUserInfo" classname="com.course.cases.UpdateUserInfoTest" time="2.052">
    <system-out><![CDATA[{id:2,userId:2,userName:SenAuto001,sex:男,age:30,permission:0,isDelete:0,expected:getUpdateUserInfo}
http://localhost:8888/v1/updateUserInfo
{"success":true,"message":"更新用户信息成功: 1"}
{id:2,userName:SenAuto001,age:30,sex:男,permission:0,isDelete:0}
]]></system-out>
  </testcase>
</testsuite>